<?xml version="1.0" encoding="UTF-8"?>
<!-- Generated by org.testng.reporters.JUnitReportReporter -->
<testsuite skipped="0" hostname="SWT-LTOP-208"
	name="tdd.valiadtion.validationfunction_0011" tests="1" failures="0"
	timestamp="2022-06-09T20:36:21 IST" time="3.911" errors="0">
	<testcase name="valid" time="3.911"
		classname="tdd.valiadtion.validationfunction_0011" />
	<system-out />
</testsuite> <!-- tdd.valiadtion.validationfunction_0011 -->
